Build started 1/19/2013 7:54:36 PM.
     1>Project "C:\Users\darrell\documents\visual studio 2010\Projects\XMLTry\XMLTry\XMLTry.vcxproj" on node 2 (build target(s)).
     1>InitializeBuildStatus:
         Creating "Debug\XMLTry.unsuccessfulbuild" because "AlwaysCreate" was specified.
       ClCompile:
         c:\Program Files (x86)\Microsoft Visual Studio 10.0\VC\bin\CL.exe /c /ZI /nologo /W3 /WX- /Od /Oy- /D WIN32 /D _DEBUG /D _CONSOLE /D _UNICODE /D UNICODE /Gm /EHsc /RTC1 /MDd /GS /fp:precise /Zc:wchar_t /Zc:forScope /Fo"Debug\\" /Fd"Debug\vc100.pdb" /Gd /TP /analyze- /errorReport:prompt XMLTry.cpp
         XMLTry.cpp
       ManifestResourceCompile:
         All outputs are up-to-date.
       Link:
         c:\Program Files (x86)\Microsoft Visual Studio 10.0\VC\bin\link.exe /ERRORREPORT:PROMPT /OUT:"C:\Users\darrell\documents\visual studio 2010\Projects\XMLTry\Debug\XMLTry.exe" /INCREMENTAL /NOLOGO kernel32.lib user32.lib gdi32.lib winspool.lib comdlg32.lib advapi32.lib shell32.lib ole32.lib oleaut32.lib uuid.lib odbc32.lib odbccp32.lib /MANIFEST /ManifestFile:"Debug\XMLTry.exe.intermediate.manifest" /MANIFESTUAC:"level='asInvoker' uiAccess='false'" /DEBUG /PDB:"C:\Users\darrell\documents\visual studio 2010\Projects\XMLTry\Debug\XMLTry.pdb" /SUBSYSTEM:CONSOLE /TLBID:1 /DYNAMICBASE /NXCOMPAT /IMPLIB:"C:\Users\darrell\documents\visual studio 2010\Projects\XMLTry\Debug\XMLTry.lib" /MACHINE:X86 Debug\XMLTry.exe.embed.manifest.res
         Debug\tinystr.obj
         Debug\tinyxml.obj
         Debug\tinyxmlerror.obj
         Debug\tinyxmlparser.obj
         Debug\XMLTry.obj
       Manifest:
         C:\Program Files (x86)\Microsoft SDKs\Windows\v7.0A\bin\mt.exe /nologo /verbose /out:"Debug\XMLTry.exe.embed.manifest" /manifest Debug\XMLTry.exe.intermediate.manifest
         All outputs are up-to-date.
       LinkEmbedManifest:
         All outputs are up-to-date.
         XMLTry.vcxproj -> C:\Users\darrell\documents\visual studio 2010\Projects\XMLTry\Debug\XMLTry.exe
       FinalizeBuildStatus:
         Deleting file "Debug\XMLTry.unsuccessfulbuild".
         Touching "Debug\XMLTry.lastbuildstate".
     1>Done Building Project "C:\Users\darrell\documents\visual studio 2010\Projects\XMLTry\XMLTry\XMLTry.vcxproj" (build target(s)).

Build succeeded.

Time Elapsed 00:00:00.71
