c:\users\darrell\documents\visual studio 2010\Projects\XMLTry\Debug\XMLTry.pdb
c:\Users\darrell\documents\visual studio 2010\Projects\XMLTry\XMLTry\Debug\cl.command.1.tlog
c:\Users\darrell\documents\visual studio 2010\Projects\XMLTry\XMLTry\Debug\CL.read.1.tlog
c:\Users\darrell\documents\visual studio 2010\Projects\XMLTry\XMLTry\Debug\CL.write.1.tlog
c:\Users\darrell\documents\visual studio 2010\Projects\XMLTry\XMLTry\Debug\link.command.1.tlog
c:\Users\darrell\documents\visual studio 2010\Projects\XMLTry\XMLTry\Debug\link.read.1.tlog
c:\Users\darrell\documents\visual studio 2010\Projects\XMLTry\XMLTry\Debug\link.write.1.tlog
c:\Users\darrell\documents\visual studio 2010\Projects\XMLTry\XMLTry\Debug\link-cvtres.read.1.tlog
c:\Users\darrell\documents\visual studio 2010\Projects\XMLTry\XMLTry\Debug\link-cvtres.write.1.tlog
c:\Users\darrell\documents\visual studio 2010\Projects\XMLTry\XMLTry\Debug\rc.command.1.tlog
c:\Users\darrell\documents\visual studio 2010\Projects\XMLTry\XMLTry\Debug\rc.read.1.tlog
c:\Users\darrell\documents\visual studio 2010\Projects\XMLTry\XMLTry\Debug\rc.write.1.tlog
C:\USERS\DARRELL\DOCUMENTS\VISUAL STUDIO 2010\PROJECTS\XMLTRY\XMLTRY\DEBUG\TINYSTR.OBJ
C:\USERS\DARRELL\DOCUMENTS\VISUAL STUDIO 2010\PROJECTS\XMLTRY\XMLTRY\DEBUG\TINYXML.OBJ
c:\Users\darrell\documents\visual studio 2010\Projects\XMLTry\XMLTry\Debug\vc100.idb
C:\USERS\DARRELL\DOCUMENTS\VISUAL STUDIO 2010\PROJECTS\XMLTRY\XMLTRY\DEBUG\VC100.PDB
c:\Users\darrell\documents\visual studio 2010\Projects\XMLTry\XMLTry\Debug\XMLTry.exe.embed.manifest
C:\USERS\DARRELL\DOCUMENTS\VISUAL STUDIO 2010\PROJECTS\XMLTRY\XMLTRY\DEBUG\XMLTRY.EXE.EMBED.MANIFEST.RES
c:\Users\darrell\documents\visual studio 2010\Projects\XMLTry\XMLTry\Debug\XMLTry.exe.intermediate.manifest
C:\USERS\DARRELL\DOCUMENTS\VISUAL STUDIO 2010\PROJECTS\XMLTRY\XMLTRY\DEBUG\XMLTRY.OBJ
c:\Users\darrell\documents\visual studio 2010\Projects\XMLTry\XMLTry\Debug\XMLTry_manifest.rc
